Using pre-set license
Built from '2022.2/release' branch; Version is '2022.2.13f1 (5f5de2657605) revision 6249954'; Using compiler version '192829333'; Build Type 'Release'
OS: 'Windows 11  (10.0.25352) 64bit Professional' Language: 'en' Physical Memory: 16251 MB
BatchMode: 1, IsHumanControllingUs: 0, StartBugReporterOnCrash: 0, Is64bit: 1, IsPro: 1

COMMAND LINE ARGUMENTS:
C:\Program Files\Unity\Editor\2022.2.13f1\Editor\Unity.exe
-adb2
-batchMode
-noUpm
-name
AssetImportWorker2
-projectPath
C:/Users/AadiJ/Projects/The-Crown-Jewel/TheCrownJewel
-logFile
Logs/AssetImportWorker2.log
-srvPort
53991
Successfully changed project path to: C:/Users/AadiJ/Projects/The-Crown-Jewel/TheCrownJewel
C:/Users/AadiJ/Projects/The-Crown-Jewel/TheCrownJewel
[UnityMemory] Configuration Parameters - Can be set up in boot.config
    "memorysetup-bucket-allocator-granularity=16"
    "memorysetup-bucket-allocator-bucket-count=8"
    "memorysetup-bucket-allocator-block-size=33554432"
    "memorysetup-bucket-allocator-block-count=8"
    "memorysetup-main-allocator-block-size=16777216"
    "memorysetup-thread-allocator-block-size=16777216"
    "memorysetup-gfx-main-allocator-block-size=16777216"
    "memorysetup-gfx-thread-allocator-block-size=16777216"
    "memorysetup-cache-allocator-block-size=4194304"
    "memorysetup-typetree-allocator-block-size=2097152"
    "memorysetup-profiler-bucket-allocator-granularity=16"
    "memorysetup-profiler-bucket-allocator-bucket-count=8"
    "memorysetup-profiler-bucket-allocator-block-size=33554432"
    "memorysetup-profiler-bucket-allocator-block-count=8"
    "memorysetup-profiler-allocator-block-size=16777216"
    "memorysetup-profiler-editor-allocator-block-size=1048576"
    "memorysetup-temp-allocator-size-main=16777216"
    "memorysetup-job-temp-allocator-block-size=2097152"
    "memorysetup-job-temp-allocator-block-size-background=1048576"
    "memorysetup-job-temp-allocator-reduction-small-platforms=262144"
    "memorysetup-temp-allocator-size-background-worker=32768"
    "memorysetup-temp-allocator-size-job-worker=262144"
    "memorysetup-temp-allocator-size-preload-manager=33554432"
    "memorysetup-temp-allocator-size-nav-mesh-worker=65536"
    "memorysetup-temp-allocator-size-audio-worker=65536"
    "memorysetup-temp-allocator-size-cloud-worker=32768"
    "memorysetup-temp-allocator-size-gi-baking-worker=262144"
    "memorysetup-temp-allocator-size-gfx=262144"
Player connection [42108] Host "[IP] 192.168.31.85 [Port] 0 [Flags] 2 [Guid] 2035405683 [EditorId] 2035405683 [Version] 1048832 [Id] WindowsEditor(7,LAPTOP-K1DAF868) [Debug] 1 [PackageName] WindowsEditor [ProjectName] Editor" joined multi-casting on [225.0.0.222:54997]...

Player connection [42108] Host "[IP] 192.168.31.85 [Port] 0 [Flags] 2 [Guid] 2035405683 [EditorId] 2035405683 [Version] 1048832 [Id] WindowsEditor(7,LAPTOP-K1DAF868) [Debug] 1 [PackageName] WindowsEditor [ProjectName] Editor" joined alternative multi-casting on [225.0.0.222:34997]...

Refreshing native plugins compatible for Editor in 64.86 ms, found 4 plugins.
Preloading 0 native plugins for Editor in 0.00 ms.
Initialize engine version: 2022.2.13f1 (5f5de2657605)
[Subsystems] Discovering subsystems at path C:/Program Files/Unity/Editor/2022.2.13f1/Editor/Data/Resources/UnitySubsystems
[Subsystems] Discovering subsystems at path C:/Users/AadiJ/Projects/The-Crown-Jewel/TheCrownJewel/Assets
GfxDevice: creating device client; threaded=0; jobified=0
Direct3D:
    Version:  Direct3D 11.0 [level 11.1]
    Renderer: NVIDIA GeForce RTX 2060 (ID=0x1f15)
    Vendor:   NVIDIA
    VRAM:     5968 MB
    Driver:   31.0.15.3640
Initialize mono
Mono path[0] = 'C:/Program Files/Unity/Editor/2022.2.13f1/Editor/Data/Managed'
Mono path[1] = 'C:/Program Files/Unity/Editor/2022.2.13f1/Editor/Data/MonoBleedingEdge/lib/mono/unityjit-win32'
Mono config path = 'C:/Program Files/Unity/Editor/2022.2.13f1/Editor/Data/MonoBleedingEdge/etc'
Using monoOptions --debugger-agent=transport=dt_socket,embedding=1,server=y,suspend=n,address=127.0.0.1:56752
Begin MonoManager ReloadAssembly
Registering precompiled unity dll's ...
Register platform support module: C:/Program Files/Unity/Editor/2022.2.13f1/Editor/Data/PlaybackEngines/WebGLSupport/UnityEditor.WebGL.Extensions.dll
Register platform support module: C:/Program Files/Unity/Editor/2022.2.13f1/Editor/Data/PlaybackEngines/MacStandaloneSupport/UnityEditor.OSXStandalone.Extensions.dll
Register platform support module: C:/Program Files/Unity/Editor/2022.2.13f1/Editor/Data/PlaybackEngines/WindowsStandaloneSupport/UnityEditor.WindowsStandalone.Extensions.dll
Register platform support module: C:/Program Files/Unity/Editor/2022.2.13f1/Editor/Data/PlaybackEngines/MetroSupport/UnityEditor.UWP.Extensions.dll
Registered in 0.096355 seconds.
- Loaded All Assemblies, in  0.857 seconds
Native extension for UWP target not found
Native extension for WindowsStandalone target not found
Native extension for OSXStandalone target not found
Native extension for WebGL target not found
Mono: successfully reloaded assembly
- Finished resetting the current domain, in  0.394 seconds
Domain Reload Profiling:
	ReloadAssembly (599ms)
		BeginReloadAssembly (298ms)
			ExecutionOrderSort (0ms)
			DisableScriptedObjects (0ms)
			BackupInstance (0ms)
			ReleaseScriptingObjects (0ms)
			CreateAndSetChildDomain (1ms)
		LoadAllAssembliesAndSetupDomain (0ms)
			LoadAssemblies (295ms)
			RebuildTransferFunctionScriptingTraits (0ms)
			SetupTypeCache (195ms)
				TypeCache.Initialize (194ms)
					TypeCache.ScanAssembly (192ms)
				ResolveRequiredComponents (1ms)
		FinalizeReload (0ms)
			ReleaseScriptCaches (0ms)
			RebuildScriptCaches (0ms)
			SetupLoadedEditorAssemblies (312ms)
				LogAssemblyErrors (0ms)
				InitializePlatformSupportModulesInManaged (56ms)
				SetLoadedEditorAssemblies (7ms)
				RefreshPlugins (0ms)
				BeforeProcessingInitializeOnLoad (1ms)
				ProcessInitializeOnLoadAttributes (180ms)
				ProcessInitializeOnLoadMethodAttributes (68ms)
				AfterProcessingInitializeOnLoad (0ms)
				EditorAssembliesLoaded (0ms)
			ExecutionOrderSort2 (0ms)
			AwakeInstancesAfterBackupRestoration (0ms)
========================================================================
Worker process is ready to serve import requests
Begin MonoManager ReloadAssembly
Symbol file LoadedFromMemory doesn't match image C:\Users\AadiJ\Projects\The-Crown-Jewel\TheCrownJewel\Library\PackageCache\com.unity.visualscripting@1.8.0\Editor\VisualScripting.Core\Dependencies\YamlDotNet\Unity.VisualScripting.YamlDotNet.dll
Symbol file LoadedFromMemory doesn't match image C:\Users\AadiJ\Projects\The-Crown-Jewel\TheCrownJewel\Library\PackageCache\com.unity.visualscripting@1.8.0\Editor\VisualScripting.Core\Dependencies\DotNetZip\Unity.VisualScripting.IonicZip.dll
- Loaded All Assemblies, in  2.236 seconds
Refreshing native plugins compatible for Editor in 25.29 ms, found 4 plugins.
Native extension for UWP target not found
Native extension for WindowsStandalone target not found
Native extension for OSXStandalone target not found
Native extension for WebGL target not found
Mono: successfully reloaded assembly
- Finished resetting the current domain, in  1.052 seconds
Domain Reload Profiling:
	ReloadAssembly (485ms)
		BeginReloadAssembly (306ms)
			ExecutionOrderSort (0ms)
			DisableScriptedObjects (6ms)
			BackupInstance (0ms)
			ReleaseScriptingObjects (0ms)
			CreateAndSetChildDomain (31ms)
		LoadAllAssembliesAndSetupDomain (1720ms)
			LoadAssemblies (1274ms)
			RebuildTransferFunctionScriptingTraits (0ms)
			SetupTypeCache (549ms)
				TypeCache.Initialize (496ms)
					TypeCache.ScanAssembly (491ms)
				ResolveRequiredComponents (14ms)
		FinalizeReload (0ms)
			ReleaseScriptCaches (0ms)
			RebuildScriptCaches (0ms)
			SetupLoadedEditorAssemblies (819ms)
				LogAssemblyErrors (0ms)
				InitializePlatformSupportModulesInManaged (57ms)
				SetLoadedEditorAssemblies (9ms)
				RefreshPlugins (0ms)
				BeforeProcessingInitializeOnLoad (206ms)
				ProcessInitializeOnLoadAttributes (400ms)
				ProcessInitializeOnLoadMethodAttributes (100ms)
				AfterProcessingInitializeOnLoad (47ms)
				EditorAssembliesLoaded (0ms)
			ExecutionOrderSort2 (0ms)
			AwakeInstancesAfterBackupRestoration (16ms)
Launched and connected shader compiler UnityShaderCompiler.exe after 0.17 seconds
Refreshing native plugins compatible for Editor in 30.66 ms, found 4 plugins.
Preloading 0 native plugins for Editor in 0.00 ms.
Unloading 5717 Unused Serialized files (Serialized files now loaded: 0)
Unloading 95 unused Assets / (0.8 MB). Loaded Objects now: 6167.
Memory consumption went from 218.3 MB to 217.5 MB.
Total: 5.318700 ms (FindLiveObjects: 0.495100 ms CreateObjectMapping: 0.553400 ms MarkObjects: 3.823700 ms  DeleteObjects: 0.445100 ms)

AssetImportParameters requested are different than current active one (requested -> active):
  custom:container-demuxer-ogg: 62fdf1f143b41e24485cea50d1cbac27 -> 
  custom:video-codec-MediaFoundation-h265: 746d11721c4dcdbdad8f713fa42b33f4 -> 
  custom:video-decoder-ogg-theora: a1e56fd34408186e4bbccfd4996cb3dc -> 
  custom:framework-win-MediaFoundation: 216162199b28c13a410421893ffa2e32 -> 
  custom:container-demuxer-webm: 4f35f7cbe854078d1ac9338744f61a02 -> 
  custom:container-muxer-webm: aa71ff27fc2769a1b78a27578f13a17b -> 
  custom:video-decoder-webm-vp8: 9c59270c3fd7afecdb556c50c9e8de78 -> 
  custom:AudioImporter_EditorPlatform: d09bf68614088b80899f8185d706f6e7 -> 
  custom:video-encoder-webm-vp8: eb34c28f22e8b96e1ab97ce403110664 -> 
  custom:audio-decoder-ogg-vorbis: bf7c407c2cedff20999df2af8eb42d56 -> 
  custom:audio-encoder-webm-vorbis: bf7c407c2cedff20999df2af8eb42d56 -> 
========================================================================
Received Import Request.
  Time since last request: 444383.807034 seconds.
  path: Assets/ParticleFX/Gravity-SpriteSheet.png
  artifactKey: Guid(1b87a1f440682314d9684b487be9c18e) Importer(-1,00000000000000000000000000000000)
Start importing Assets/ParticleFX/Gravity-SpriteSheet.png using Guid(1b87a1f440682314d9684b487be9c18e) Importer(-1,00000000000000000000000000000000)  -> (artifact id: '9330f5dedab10b97d76cd8e82d23b0b5') in 0.116378 seconds
Number of updated asset objects reloaded before import = 0
Number of asset objects unloaded after import = 0
========================================================================
Received Import Request.
  Time since last request: 0.068364 seconds.
  path: Assets/ParticleFX/Gravity-SpriteSheet.png
  artifactKey: Guid(1b87a1f440682314d9684b487be9c18e) Importer(815301076,1909f56bfc062723c751e8b465ee728b)
Start importing Assets/ParticleFX/Gravity-SpriteSheet.png using Guid(1b87a1f440682314d9684b487be9c18e) Importer(815301076,1909f56bfc062723c751e8b465ee728b)  -> (artifact id: '9372346d99c150e16efdff4c83e70404') in 0.058782 seconds
Number of updated asset objects reloaded before import = 0
Number of asset objects unloaded after import = 2
========================================================================
Received Import Request.
  Time since last request: 23.824370 seconds.
  path: Assets/ParticleFX/Gravity-SpriteSheet.png
  artifactKey: Guid(1b87a1f440682314d9684b487be9c18e) Importer(-1,00000000000000000000000000000000)
Start importing Assets/ParticleFX/Gravity-SpriteSheet.png using Guid(1b87a1f440682314d9684b487be9c18e) Importer(-1,00000000000000000000000000000000)  -> (artifact id: '962628fed78f80af95e97f5b9a63dba9') in 0.077199 seconds
Number of updated asset objects reloaded before import = 0
Number of asset objects unloaded after import = 0
========================================================================
Received Import Request.
  Time since last request: 0.149811 seconds.
  path: Assets/ParticleFX/Gravity-SpriteSheet.png
  artifactKey: Guid(1b87a1f440682314d9684b487be9c18e) Importer(815301076,1909f56bfc062723c751e8b465ee728b)
Start importing Assets/ParticleFX/Gravity-SpriteSheet.png using Guid(1b87a1f440682314d9684b487be9c18e) Importer(815301076,1909f56bfc062723c751e8b465ee728b)  -> (artifact id: 'a325a9108156e6b0f0aa551fd017adba') in 0.180103 seconds
Number of updated asset objects reloaded before import = 0
Number of asset objects unloaded after import = 22
========================================================================
Received Import Request.
  Time since last request: 8.790282 seconds.
  path: Assets/ParticleFX/Gravity-SpriteSheet.png
  artifactKey: Guid(1b87a1f440682314d9684b487be9c18e) Importer(-1,00000000000000000000000000000000)
Start importing Assets/ParticleFX/Gravity-SpriteSheet.png using Guid(1b87a1f440682314d9684b487be9c18e) Importer(-1,00000000000000000000000000000000)  -> (artifact id: '962628fed78f80af95e97f5b9a63dba9') in 0.064898 seconds
Number of updated asset objects reloaded before import = 0
Number of asset objects unloaded after import = 0
========================================================================
Received Import Request.
  Time since last request: 6.764494 seconds.
  path: Assets/ParticleFX/Leaves-SpriteSheet.png
  artifactKey: Guid(c138a667536a1ce49adadcc607b08d6f) Importer(815301076,1909f56bfc062723c751e8b465ee728b)
Start importing Assets/ParticleFX/Leaves-SpriteSheet.png using Guid(c138a667536a1ce49adadcc607b08d6f) Importer(815301076,1909f56bfc062723c751e8b465ee728b)  -> (artifact id: '8e021830e939199cef6f36c06255369c') in 0.020892 seconds
Number of updated asset objects reloaded before import = 0
Number of asset objects unloaded after import = 3
========================================================================
Received Import Request.
  Time since last request: 0.127270 seconds.
  path: Assets/ParticleFX/Leaves.gif
  artifactKey: Guid(2ba6e98ceac4eee4a9bb90056abb0e54) Importer(815301076,1909f56bfc062723c751e8b465ee728b)
Start importing Assets/ParticleFX/Leaves.gif using Guid(2ba6e98ceac4eee4a9bb90056abb0e54) Importer(815301076,1909f56bfc062723c751e8b465ee728b)  -> (artifact id: 'cc597cff49429015f6d211c9f2c8af61') in 0.023824 seconds
Number of updated asset objects reloaded before import = 0
Number of asset objects unloaded after import = 3
========================================================================
Received Import Request.
  Time since last request: 27.473459 seconds.
  path: Assets/ParticleFX/Gravity-SpriteSheet.png
  artifactKey: Guid(1b87a1f440682314d9684b487be9c18e) Importer(-1,00000000000000000000000000000000)
Start importing Assets/ParticleFX/Gravity-SpriteSheet.png using Guid(1b87a1f440682314d9684b487be9c18e) Importer(-1,00000000000000000000000000000000)  -> (artifact id: '36cfd3edd5c719f9b0a6bac1229e5b75') in 0.067106 seconds
Number of updated asset objects reloaded before import = 0
Number of asset objects unloaded after import = 0
========================================================================
Received Import Request.
  Time since last request: 0.079142 seconds.
  path: Assets/ParticleFX/Gravity-SpriteSheet.png
  artifactKey: Guid(1b87a1f440682314d9684b487be9c18e) Importer(815301076,1909f56bfc062723c751e8b465ee728b)
Start importing Assets/ParticleFX/Gravity-SpriteSheet.png using Guid(1b87a1f440682314d9684b487be9c18e) Importer(815301076,1909f56bfc062723c751e8b465ee728b)  -> (artifact id: 'c8bb84b2e5f8f3761ef7e3ef14e47691') in 0.083697 seconds
Number of updated asset objects reloaded before import = 0
Number of asset objects unloaded after import = 22
========================================================================
Received Prepare
Begin MonoManager ReloadAssembly
Symbol file LoadedFromMemory doesn't match image C:\Users\AadiJ\Projects\The-Crown-Jewel\TheCrownJewel\Library\PackageCache\com.unity.visualscripting@1.8.0\Editor\VisualScripting.Core\Dependencies\YamlDotNet\Unity.VisualScripting.YamlDotNet.dll
Symbol file LoadedFromMemory doesn't match image C:\Users\AadiJ\Projects\The-Crown-Jewel\TheCrownJewel\Library\PackageCache\com.unity.visualscripting@1.8.0\Editor\VisualScripting.Core\Dependencies\DotNetZip\Unity.VisualScripting.IonicZip.dll
- Loaded All Assemblies, in  2.219 seconds
Refreshing native plugins compatible for Editor in 35.32 ms, found 4 plugins.
Native extension for UWP target not found
Native extension for WindowsStandalone target not found
Native extension for OSXStandalone target not found
Native extension for WebGL target not found
Mono: successfully reloaded assembly
- Finished resetting the current domain, in  4.707 seconds
Domain Reload Profiling:
	ReloadAssembly (510ms)
		BeginReloadAssembly (344ms)
			ExecutionOrderSort (0ms)
			DisableScriptedObjects (8ms)
			BackupInstance (0ms)
			ReleaseScriptingObjects (0ms)
			CreateAndSetChildDomain (53ms)
		LoadAllAssembliesAndSetupDomain (1668ms)
			LoadAssemblies (1183ms)
			RebuildTransferFunctionScriptingTraits (0ms)
			SetupTypeCache (622ms)
				TypeCache.Initialize (600ms)
					TypeCache.ScanAssembly (589ms)
				ResolveRequiredComponents (22ms)
		FinalizeReload (0ms)
			ReleaseScriptCaches (0ms)
			RebuildScriptCaches (0ms)
			SetupLoadedEditorAssemblies (997ms)
				LogAssemblyErrors (0ms)
				InitializePlatformSupportModulesInManaged (83ms)
				SetLoadedEditorAssemblies (8ms)
				RefreshPlugins (0ms)
				BeforeProcessingInitializeOnLoad (277ms)
				ProcessInitializeOnLoadAttributes (446ms)
				ProcessInitializeOnLoadMethodAttributes (121ms)
				AfterProcessingInitializeOnLoad (63ms)
				EditorAssembliesLoaded (0ms)
			ExecutionOrderSort2 (0ms)
			AwakeInstancesAfterBackupRestoration (28ms)
Refreshing native plugins compatible for Editor in 38.01 ms, found 4 plugins.
Preloading 0 native plugins for Editor in 0.00 ms.
Unloading 5559 Unused Serialized files (Serialized files now loaded: 0)
Unloading 61 unused Assets / (0.8 MB). Loaded Objects now: 6199.
Memory consumption went from 195.1 MB to 194.3 MB.
Total: 12.140500 ms (FindLiveObjects: 0.634500 ms CreateObjectMapping: 3.293100 ms MarkObjects: 7.155000 ms  DeleteObjects: 1.056300 ms)

Prepare: number of updated asset objects reloaded= 0
AssetImportParameters requested are different than current active one (requested -> active):
  custom:container-demuxer-ogg: 62fdf1f143b41e24485cea50d1cbac27 -> 
  custom:video-codec-MediaFoundation-h265: 746d11721c4dcdbdad8f713fa42b33f4 -> 
  custom:video-decoder-ogg-theora: a1e56fd34408186e4bbccfd4996cb3dc -> 
  custom:framework-win-MediaFoundation: 216162199b28c13a410421893ffa2e32 -> 
  custom:container-demuxer-webm: 4f35f7cbe854078d1ac9338744f61a02 -> 
  custom:container-muxer-webm: aa71ff27fc2769a1b78a27578f13a17b -> 
  custom:video-decoder-webm-vp8: 9c59270c3fd7afecdb556c50c9e8de78 -> 
  custom:AudioImporter_EditorPlatform: d09bf68614088b80899f8185d706f6e7 -> 
  custom:video-encoder-webm-vp8: eb34c28f22e8b96e1ab97ce403110664 -> 
  custom:audio-decoder-ogg-vorbis: bf7c407c2cedff20999df2af8eb42d56 -> 
  custom:audio-encoder-webm-vorbis: bf7c407c2cedff20999df2af8eb42d56 -> 
========================================================================
Received Prepare
Begin MonoManager ReloadAssembly
Symbol file LoadedFromMemory doesn't match image C:\Users\AadiJ\Projects\The-Crown-Jewel\TheCrownJewel\Library\PackageCache\com.unity.visualscripting@1.8.0\Editor\VisualScripting.Core\Dependencies\YamlDotNet\Unity.VisualScripting.YamlDotNet.dll
Symbol file LoadedFromMemory doesn't match image C:\Users\AadiJ\Projects\The-Crown-Jewel\TheCrownJewel\Library\PackageCache\com.unity.visualscripting@1.8.0\Editor\VisualScripting.Core\Dependencies\DotNetZip\Unity.VisualScripting.IonicZip.dll
- Loaded All Assemblies, in  2.201 seconds
Refreshing native plugins compatible for Editor in 29.77 ms, found 4 plugins.
Native extension for UWP target not found
Native extension for WindowsStandalone target not found
Native extension for OSXStandalone target not found
Native extension for WebGL target not found
Mono: successfully reloaded assembly
- Finished resetting the current domain, in  4.356 seconds
Domain Reload Profiling:
	ReloadAssembly (566ms)
		BeginReloadAssembly (379ms)
			ExecutionOrderSort (0ms)
			DisableScriptedObjects (9ms)
			BackupInstance (0ms)
			ReleaseScriptingObjects (0ms)
			CreateAndSetChildDomain (64ms)
		LoadAllAssembliesAndSetupDomain (1598ms)
			LoadAssemblies (1197ms)
			RebuildTransferFunctionScriptingTraits (0ms)
			SetupTypeCache (549ms)
				TypeCache.Initialize (532ms)
					TypeCache.ScanAssembly (523ms)
				ResolveRequiredComponents (17ms)
		FinalizeReload (0ms)
			ReleaseScriptCaches (0ms)
			RebuildScriptCaches (0ms)
			SetupLoadedEditorAssemblies (890ms)
				LogAssemblyErrors (0ms)
				InitializePlatformSupportModulesInManaged (76ms)
				SetLoadedEditorAssemblies (7ms)
				RefreshPlugins (0ms)
				BeforeProcessingInitializeOnLoad (282ms)
				ProcessInitializeOnLoadAttributes (384ms)
				ProcessInitializeOnLoadMethodAttributes (88ms)
				AfterProcessingInitializeOnLoad (52ms)
				EditorAssembliesLoaded (0ms)
			ExecutionOrderSort2 (0ms)
			AwakeInstancesAfterBackupRestoration (30ms)
Refreshing native plugins compatible for Editor in 33.29 ms, found 4 plugins.
Preloading 0 native plugins for Editor in 0.00 ms.
Unloading 5559 Unused Serialized files (Serialized files now loaded: 0)
Unloading 61 unused Assets / (0.8 MB). Loaded Objects now: 6203.
Memory consumption went from 195.1 MB to 194.3 MB.
Total: 7.585900 ms (FindLiveObjects: 0.585300 ms CreateObjectMapping: 0.624500 ms MarkObjects: 5.728900 ms  DeleteObjects: 0.645700 ms)

Prepare: number of updated asset objects reloaded= 0
AssetImportParameters requested are different than current active one (requested -> active):
  custom:container-demuxer-ogg: 62fdf1f143b41e24485cea50d1cbac27 -> 
  custom:video-codec-MediaFoundation-h265: 746d11721c4dcdbdad8f713fa42b33f4 -> 
  custom:video-decoder-ogg-theora: a1e56fd34408186e4bbccfd4996cb3dc -> 
  custom:framework-win-MediaFoundation: 216162199b28c13a410421893ffa2e32 -> 
  custom:container-demuxer-webm: 4f35f7cbe854078d1ac9338744f61a02 -> 
  custom:container-muxer-webm: aa71ff27fc2769a1b78a27578f13a17b -> 
  custom:video-decoder-webm-vp8: 9c59270c3fd7afecdb556c50c9e8de78 -> 
  custom:AudioImporter_EditorPlatform: d09bf68614088b80899f8185d706f6e7 -> 
  custom:video-encoder-webm-vp8: eb34c28f22e8b96e1ab97ce403110664 -> 
  custom:audio-decoder-ogg-vorbis: bf7c407c2cedff20999df2af8eb42d56 -> 
  custom:audio-encoder-webm-vorbis: bf7c407c2cedff20999df2af8eb42d56 -> 
========================================================================
Received Import Request.
  Time since last request: 212.998717 seconds.
  path: Assets/ParticleFX/Smoke.gif
  artifactKey: Guid(86af856b41f9419418c686e8adc24742) Importer(815301076,1909f56bfc062723c751e8b465ee728b)
Start importing Assets/ParticleFX/Smoke.gif using Guid(86af856b41f9419418c686e8adc24742) Importer(815301076,1909f56bfc062723c751e8b465ee728b)  -> (artifact id: 'd0888c02083665f73bdfe25e33642c2b') in 0.095648 seconds
Number of updated asset objects reloaded before import = 0
Number of asset objects unloaded after import = 3
========================================================================
Received Import Request.
  Time since last request: 1.618122 seconds.
  path: Packages/com.unity.render-pipelines.core/Editor/LookDev/Icons/RightArrow@2x.png
  artifactKey: Guid(e194270977977b24da0c6e1c962a5ce9) Importer(815301076,1909f56bfc062723c751e8b465ee728b)
Start importing Packages/com.unity.render-pipelines.core/Editor/LookDev/Icons/RightArrow@2x.png using Guid(e194270977977b24da0c6e1c962a5ce9) Importer(815301076,1909f56bfc062723c751e8b465ee728b)  -> (artifact id: '15f9a0dd52ea1380a93b96c0a3282341') in 0.023621 seconds
Number of updated asset objects reloaded before import = 0
Number of asset objects unloaded after import = 3
========================================================================
Received Import Request.
  Time since last request: 0.000025 seconds.
  path: Packages/com.unity.render-pipelines.core/Editor/LookDev/Icons/Rotation@2x.png
  artifactKey: Guid(e9af78578671a3345b8cbf82f1f030b5) Importer(815301076,1909f56bfc062723c751e8b465ee728b)
Start importing Packages/com.unity.render-pipelines.core/Editor/LookDev/Icons/Rotation@2x.png using Guid(e9af78578671a3345b8cbf82f1f030b5) Importer(815301076,1909f56bfc062723c751e8b465ee728b)  -> (artifact id: '230aab3ab55bd0415c94ffea7437dc6a') in 0.019141 seconds
Number of updated asset objects reloaded before import = 0
Number of asset objects unloaded after import = 3
========================================================================
Received Import Request.
  Time since last request: 0.001913 seconds.
  path: Packages/com.unity.render-pipelines.core/Editor/LookDev/Icons/Remove@2x.png
  artifactKey: Guid(049c8a7821177594692244298d82e4af) Importer(815301076,1909f56bfc062723c751e8b465ee728b)
Start importing Packages/com.unity.render-pipelines.core/Editor/LookDev/Icons/Remove@2x.png using Guid(049c8a7821177594692244298d82e4af) Importer(815301076,1909f56bfc062723c751e8b465ee728b)  -> (artifact id: 'be3d1de0c48b50364a86ae2c30ff6443') in 0.020603 seconds
Number of updated asset objects reloaded before import = 0
Number of asset objects unloaded after import = 3
========================================================================
Received Import Request.
  Time since last request: 0.011634 seconds.
  path: Assets/Dark_Forest/Sprites/ReplayIcon.png
  artifactKey: Guid(ddbd64dba14aa7643b8a5396957533bd) Importer(815301076,1909f56bfc062723c751e8b465ee728b)
Start importing Assets/Dark_Forest/Sprites/ReplayIcon.png using Guid(ddbd64dba14aa7643b8a5396957533bd) Importer(815301076,1909f56bfc062723c751e8b465ee728b)  -> (artifact id: '88d77a807a63435e5859f98f5946eedc') in 0.042408 seconds
Number of updated asset objects reloaded before import = 0
Number of asset objects unloaded after import = 3
========================================================================
Received Import Request.
  Time since last request: 0.000111 seconds.
  path: Packages/com.unity.render-pipelines.core/Editor/LookDev/Icons/RightArrow.png
  artifactKey: Guid(df4dc708bd8692446a6d5c3531ac377b) Importer(815301076,1909f56bfc062723c751e8b465ee728b)
Start importing Packages/com.unity.render-pipelines.core/Editor/LookDev/Icons/RightArrow.png using Guid(df4dc708bd8692446a6d5c3531ac377b) Importer(815301076,1909f56bfc062723c751e8b465ee728b)  -> (artifact id: '560933b634a379f9726671adef6276a6') in 0.033885 seconds
Number of updated asset objects reloaded before import = 0
Number of asset objects unloaded after import = 3
========================================================================
Received Import Request.
  Time since last request: 1.286944 seconds.
  path: Assets/ParticleFX/Poison Cloud.gif
  artifactKey: Guid(79c3dd703ee16d04fb4c38786c2d434d) Importer(815301076,1909f56bfc062723c751e8b465ee728b)
Start importing Assets/ParticleFX/Poison Cloud.gif using Guid(79c3dd703ee16d04fb4c38786c2d434d) Importer(815301076,1909f56bfc062723c751e8b465ee728b)  -> (artifact id: '22c6a4eaed143ee6e292f76ee6764e00') in 0.044426 seconds
Number of updated asset objects reloaded before import = 0
Number of asset objects unloaded after import = 3
========================================================================
Received Import Request.
  Time since last request: 0.103647 seconds.
  path: Packages/com.unity.render-pipelines.core/Editor/LookDev/Icons/Layout1.png
  artifactKey: Guid(9a3173335e5741d438e81064b518bd80) Importer(815301076,1909f56bfc062723c751e8b465ee728b)
Start importing Packages/com.unity.render-pipelines.core/Editor/LookDev/Icons/Layout1.png using Guid(9a3173335e5741d438e81064b518bd80) Importer(815301076,1909f56bfc062723c751e8b465ee728b)  -> (artifact id: 'e5b360fc9be26e1364a1579d125b06c7') in 0.027541 seconds
Number of updated asset objects reloaded before import = 0
Number of asset objects unloaded after import = 3
========================================================================
Received Import Request.
  Time since last request: 0.000024 seconds.
  path: Packages/com.unity.render-pipelines.core/Editor/LookDev/Icons/Layout2@2x.png
  artifactKey: Guid(356caeb1305bf794e94ecd5161f8e6e3) Importer(815301076,1909f56bfc062723c751e8b465ee728b)
Start importing Packages/com.unity.render-pipelines.core/Editor/LookDev/Icons/Layout2@2x.png using Guid(356caeb1305bf794e94ecd5161f8e6e3) Importer(815301076,1909f56bfc062723c751e8b465ee728b)  -> (artifact id: 'f7ff6d10767b1c753e50617f31e096a6') in 0.036919 seconds
Number of updated asset objects reloaded before import = 0
Number of asset objects unloaded after import = 3
========================================================================
Received Import Request.
  Time since last request: 0.000029 seconds.
  path: Packages/com.unity.render-pipelines.core/Editor/LookDev/Icons/Layout2.png
  artifactKey: Guid(d9658be087f390f46bfefa8cb32bbaa6) Importer(815301076,1909f56bfc062723c751e8b465ee728b)
Start importing Packages/com.unity.render-pipelines.core/Editor/LookDev/Icons/Layout2.png using Guid(d9658be087f390f46bfefa8cb32bbaa6) Importer(815301076,1909f56bfc062723c751e8b465ee728b)  -> (artifact id: '767073e907a71e269725523e63605c66') in 0.055534 seconds
Number of updated asset objects reloaded before import = 0
Number of asset objects unloaded after import = 3
========================================================================
Received Import Request.
  Time since last request: 0.000336 seconds.
  path: Packages/com.unity.render-pipelines.core/Editor/LookDev/Icons/LayoutCustom@2x.png
  artifactKey: Guid(2fffe801f98fb314484382ea4affcf94) Importer(815301076,1909f56bfc062723c751e8b465ee728b)
Start importing Packages/com.unity.render-pipelines.core/Editor/LookDev/Icons/LayoutCustom@2x.png using Guid(2fffe801f98fb314484382ea4affcf94) Importer(815301076,1909f56bfc062723c751e8b465ee728b)  -> (artifact id: '1e3fc0af8b89f3e3798ba948be8af3fa') in 0.039603 seconds
Number of updated asset objects reloaded before import = 0
Number of asset objects unloaded after import = 3
========================================================================
Received Import Request.
  Time since last request: 0.000023 seconds.
  path: Packages/com.unity.render-pipelines.core/Editor/LookDev/Icons/LayoutHorizontal.png
  artifactKey: Guid(8ccec084228b3b74a898f38126eb142f) Importer(815301076,1909f56bfc062723c751e8b465ee728b)
Start importing Packages/com.unity.render-pipelines.core/Editor/LookDev/Icons/LayoutHorizontal.png using Guid(8ccec084228b3b74a898f38126eb142f) Importer(815301076,1909f56bfc062723c751e8b465ee728b)  -> (artifact id: 'e68a1c40257a50b7c698b3e3b9e8aec3') in 0.032482 seconds
Number of updated asset objects reloaded before import = 0
Number of asset objects unloaded after import = 3
========================================================================
Received Import Request.
  Time since last request: 1.302664 seconds.
  path: Packages/com.unity.2d.sprite/Editor/ObjectMenuCreation/DefaultAssets/Textures/v2/9Sliced.png
  artifactKey: Guid(8884154dfe85442a3a3578be807dbcdf) Importer(815301076,1909f56bfc062723c751e8b465ee728b)
Start importing Packages/com.unity.2d.sprite/Editor/ObjectMenuCreation/DefaultAssets/Textures/v2/9Sliced.png using Guid(8884154dfe85442a3a3578be807dbcdf) Importer(815301076,1909f56bfc062723c751e8b465ee728b)  -> (artifact id: 'dc660a3bcb194ece28f2e2ce1863db6b') in 0.029862 seconds
Number of updated asset objects reloaded before import = 0
Number of asset objects unloaded after import = 3
========================================================================
Received Import Request.
  Time since last request: 0.000365 seconds.
  path: Packages/com.unity.render-pipelines.core/Editor/LookDev/Icons/Add.png
  artifactKey: Guid(cbaeed03e5416aa4bae23110b63a0c7d) Importer(815301076,1909f56bfc062723c751e8b465ee728b)
Start importing Packages/com.unity.render-pipelines.core/Editor/LookDev/Icons/Add.png using Guid(cbaeed03e5416aa4bae23110b63a0c7d) Importer(815301076,1909f56bfc062723c751e8b465ee728b)  -> (artifact id: '18e0ea8eb539ae9ab89a25c9abc0ec01') in 0.029863 seconds
Number of updated asset objects reloaded before import = 0
Number of asset objects unloaded after import = 3
========================================================================
Received Import Request.
  Time since last request: 0.000151 seconds.
  path: Packages/com.unity.render-pipelines.core/Editor/LookDev/Icons/Add@2x.png
  artifactKey: Guid(79aba0b290c471c4ba3d3f818d4e9b15) Importer(815301076,1909f56bfc062723c751e8b465ee728b)
Start importing Packages/com.unity.render-pipelines.core/Editor/LookDev/Icons/Add@2x.png using Guid(79aba0b290c471c4ba3d3f818d4e9b15) Importer(815301076,1909f56bfc062723c751e8b465ee728b)  -> (artifact id: 'c7263e6aeea5512467255633726500dc') in 0.027293 seconds
Number of updated asset objects reloaded before import = 0
Number of asset objects unloaded after import = 3
========================================================================
Received Import Request.
  Time since last request: 6.011153 seconds.
  path: Packages/com.unity.2d.tilemap/Editor/Icons/d_Grid.FlipX.png
  artifactKey: Guid(238833eb2176e7d429d5020dc9232155) Importer(815301076,1909f56bfc062723c751e8b465ee728b)
Start importing Packages/com.unity.2d.tilemap/Editor/Icons/d_Grid.FlipX.png using Guid(238833eb2176e7d429d5020dc9232155) Importer(815301076,1909f56bfc062723c751e8b465ee728b)  -> (artifact id: '7651c7757b303cfb5230e86ed7266ba5') in 0.041353 seconds
Number of updated asset objects reloaded before import = 0
Number of asset objects unloaded after import = 3
========================================================================
Received Import Request.
  Time since last request: 0.000406 seconds.
  path: Packages/com.unity.2d.tilemap/Editor/Icons/d_Grid.FlipY@2x.png
  artifactKey: Guid(a3c4ea29a117e3f418ded11a50e4d52d) Importer(815301076,1909f56bfc062723c751e8b465ee728b)
Start importing Packages/com.unity.2d.tilemap/Editor/Icons/d_Grid.FlipY@2x.png using Guid(a3c4ea29a117e3f418ded11a50e4d52d) Importer(815301076,1909f56bfc062723c751e8b465ee728b)  -> (artifact id: 'e3679903f83cad4f4e1e8b4c47ae3a14') in 0.033992 seconds
Number of updated asset objects reloaded before import = 0
Number of asset objects unloaded after import = 3
========================================================================
Received Import Request.
  Time since last request: 0.000024 seconds.
  path: Packages/com.unity.2d.tilemap/Editor/Icons/d_Tilemap.ShowGrid.png
  artifactKey: Guid(ad72aefbbd03ec744b3cf61cf766d320) Importer(815301076,1909f56bfc062723c751e8b465ee728b)
Start importing Packages/com.unity.2d.tilemap/Editor/Icons/d_Tilemap.ShowGrid.png using Guid(ad72aefbbd03ec744b3cf61cf766d320) Importer(815301076,1909f56bfc062723c751e8b465ee728b)  -> (artifact id: '1621215d9bd4ce4060a86ca81b1753b3') in 0.034958 seconds
Number of updated asset objects reloaded before import = 0
Number of asset objects unloaded after import = 3
========================================================================
Received Import Request.
  Time since last request: 0.000138 seconds.
  path: Packages/com.unity.2d.tilemap/Editor/Icons/d_Grid.RotateACW@2x.png
  artifactKey: Guid(72124a67bbace794fa38534a24d23cee) Importer(815301076,1909f56bfc062723c751e8b465ee728b)
Start importing Packages/com.unity.2d.tilemap/Editor/Icons/d_Grid.RotateACW@2x.png using Guid(72124a67bbace794fa38534a24d23cee) Importer(815301076,1909f56bfc062723c751e8b465ee728b)  -> (artifact id: '0abcda0bcf2e278269b474a8e4a48b51') in 0.032281 seconds
Number of updated asset objects reloaded before import = 0
Number of asset objects unloaded after import = 3
========================================================================
Received Import Request.
  Time since last request: 0.000021 seconds.
  path: Packages/com.unity.2d.tilemap/Editor/Icons/d_Grid.RotateACW.png
  artifactKey: Guid(53da314bfe3845741ad14976e09ee6cf) Importer(815301076,1909f56bfc062723c751e8b465ee728b)
Start importing Packages/com.unity.2d.tilemap/Editor/Icons/d_Grid.RotateACW.png using Guid(53da314bfe3845741ad14976e09ee6cf) Importer(815301076,1909f56bfc062723c751e8b465ee728b)  -> (artifact id: 'ed15fb5704fd5c0d4d5c0560792a9c83') in 0.036610 seconds
Number of updated asset objects reloaded before import = 0
Number of asset objects unloaded after import = 3
========================================================================
Received Import Request.
  Time since last request: 0.000028 seconds.
  path: Packages/com.unity.2d.tilemap/Editor/Icons/d_Tilemap.GridPaint@4x.png
  artifactKey: Guid(4e62fa74d1eac074cac268c2997a658c) Importer(815301076,1909f56bfc062723c751e8b465ee728b)
Start importing Packages/com.unity.2d.tilemap/Editor/Icons/d_Tilemap.GridPaint@4x.png using Guid(4e62fa74d1eac074cac268c2997a658c) Importer(815301076,1909f56bfc062723c751e8b465ee728b)  -> (artifact id: 'af1357d0c82de44326d15bfe356d9807') in 0.030097 seconds
Number of updated asset objects reloaded before import = 0
Number of asset objects unloaded after import = 3
========================================================================
Received Import Request.
  Time since last request: 0.000036 seconds.
  path: Packages/com.unity.2d.tilemap/Editor/Icons/d_Tilemap.FocusGrid.png
  artifactKey: Guid(b46d3a07716bc8b4296166d5ac10e492) Importer(815301076,1909f56bfc062723c751e8b465ee728b)
Start importing Packages/com.unity.2d.tilemap/Editor/Icons/d_Tilemap.FocusGrid.png using Guid(b46d3a07716bc8b4296166d5ac10e492) Importer(815301076,1909f56bfc062723c751e8b465ee728b)  -> (artifact id: '5d95a85d5e9599d470dfc600ad268549') in 0.031409 seconds
Number of updated asset objects reloaded before import = 0
Number of asset objects unloaded after import = 3
========================================================================
Received Import Request.
  Time since last request: 0.000023 seconds.
  path: Packages/com.unity.2d.tilemap/Editor/Icons/d_Grid.RotateCW@2x.png
  artifactKey: Guid(e41a6ab3ac7354642a9006c03183e95e) Importer(815301076,1909f56bfc062723c751e8b465ee728b)
Start importing Packages/com.unity.2d.tilemap/Editor/Icons/d_Grid.RotateCW@2x.png using Guid(e41a6ab3ac7354642a9006c03183e95e) Importer(815301076,1909f56bfc062723c751e8b465ee728b)  -> (artifact id: '2fcd7201a5d82a51f8aae92f6a6cc54d') in 0.039996 seconds
Number of updated asset objects reloaded before import = 0
Number of asset objects unloaded after import = 3
========================================================================
Received Import Request.
  Time since last request: 0.000024 seconds.
  path: Packages/com.unity.2d.tilemap/Editor/Icons/d_Tilemap.FocusGrid@4x.png
  artifactKey: Guid(ffc58b5d1d8a6ed489be30f7a1291b1e) Importer(815301076,1909f56bfc062723c751e8b465ee728b)
Start importing Packages/com.unity.2d.tilemap/Editor/Icons/d_Tilemap.FocusGrid@4x.png using Guid(ffc58b5d1d8a6ed489be30f7a1291b1e) Importer(815301076,1909f56bfc062723c751e8b465ee728b)  -> (artifact id: 'd5ebca453af314a993b9054891421754') in 0.035511 seconds
Number of updated asset objects reloaded before import = 0
Number of asset objects unloaded after import = 3
========================================================================
Received Import Request.
  Time since last request: 0.000022 seconds.
  path: Assets/Enemy Galore 1 - Pixel Art/Sprites/Golem/Golem_Upgrade.png
  artifactKey: Guid(20df5f5471596254f99315fbac829d0f) Importer(815301076,1909f56bfc062723c751e8b465ee728b)
Start importing Assets/Enemy Galore 1 - Pixel Art/Sprites/Golem/Golem_Upgrade.png using Guid(20df5f5471596254f99315fbac829d0f) Importer(815301076,1909f56bfc062723c751e8b465ee728b)  -> (artifact id: '0f0b37c289c58d8a2f5495651b42a506') in 0.099842 seconds
Number of updated asset objects reloaded before import = 0
Number of asset objects unloaded after import = 13
========================================================================
Received Import Request.
  Time since last request: 9.710164 seconds.
  path: Packages/com.unity.render-pipelines.core/Editor/LookDev/Icons/Camera1.png
  artifactKey: Guid(2384eb5de05269b44a58f8dd1d83d725) Importer(815301076,1909f56bfc062723c751e8b465ee728b)
Start importing Packages/com.unity.render-pipelines.core/Editor/LookDev/Icons/Camera1.png using Guid(2384eb5de05269b44a58f8dd1d83d725) Importer(815301076,1909f56bfc062723c751e8b465ee728b)  -> (artifact id: 'f08372002852813388d7f2c9563cac50') in 0.024220 seconds
Number of updated asset objects reloaded before import = 0
Number of asset objects unloaded after import = 3
========================================================================
Received Import Request.
  Time since last request: 0.675140 seconds.
  path: Packages/com.unity.2d.sprite/Editor/ObjectMenuCreation/DefaultAssets/Textures/Circle.png
  artifactKey: Guid(ebe73ca9363db456bacf42c025bb4847) Importer(815301076,1909f56bfc062723c751e8b465ee728b)
Start importing Packages/com.unity.2d.sprite/Editor/ObjectMenuCreation/DefaultAssets/Textures/Circle.png using Guid(ebe73ca9363db456bacf42c025bb4847) Importer(815301076,1909f56bfc062723c751e8b465ee728b)  -> (artifact id: '748fd7203c630fd1838116abacc68399') in 0.026603 seconds
Number of updated asset objects reloaded before import = 0
Number of asset objects unloaded after import = 3
========================================================================
Received Import Request.
  Time since last request: 0.000096 seconds.
  path: Packages/com.unity.2d.sprite/Editor/ObjectMenuCreation/DefaultAssets/Textures/CircleMask.png
  artifactKey: Guid(87aaca0a643d54397ba969dab4fc8875) Importer(815301076,1909f56bfc062723c751e8b465ee728b)
Start importing Packages/com.unity.2d.sprite/Editor/ObjectMenuCreation/DefaultAssets/Textures/CircleMask.png using Guid(87aaca0a643d54397ba969dab4fc8875) Importer(815301076,1909f56bfc062723c751e8b465ee728b)  -> (artifact id: '6aac9054451c4c46cf2e6aa259f24ae8') in 0.024267 seconds
Number of updated asset objects reloaded before import = 0
Number of asset objects unloaded after import = 3
========================================================================
Received Prepare
Begin MonoManager ReloadAssembly
Symbol file LoadedFromMemory doesn't match image C:\Users\AadiJ\Projects\The-Crown-Jewel\TheCrownJewel\Library\PackageCache\com.unity.visualscripting@1.8.0\Editor\VisualScripting.Core\Dependencies\YamlDotNet\Unity.VisualScripting.YamlDotNet.dll
Symbol file LoadedFromMemory doesn't match image C:\Users\AadiJ\Projects\The-Crown-Jewel\TheCrownJewel\Library\PackageCache\com.unity.visualscripting@1.8.0\Editor\VisualScripting.Core\Dependencies\DotNetZip\Unity.VisualScripting.IonicZip.dll
- Loaded All Assemblies, in  2.836 seconds
Refreshing native plugins compatible for Editor in 35.67 ms, found 4 plugins.
Native extension for UWP target not found
Native extension for WindowsStandalone target not found
Native extension for OSXStandalone target not found
Native extension for WebGL target not found
Mono: successfully reloaded assembly
- Finished resetting the current domain, in  4.401 seconds
Domain Reload Profiling:
	ReloadAssembly (906ms)
		BeginReloadAssembly (633ms)
			ExecutionOrderSort (0ms)
			DisableScriptedObjects (13ms)
			BackupInstance (0ms)
			ReleaseScriptingObjects (0ms)
			CreateAndSetChildDomain (78ms)
		LoadAllAssembliesAndSetupDomain (1866ms)
			LoadAssemblies (1563ms)
			RebuildTransferFunctionScriptingTraits (0ms)
			SetupTypeCache (616ms)
				TypeCache.Initialize (597ms)
					TypeCache.ScanAssembly (587ms)
				ResolveRequiredComponents (18ms)
		FinalizeReload (0ms)
			ReleaseScriptCaches (0ms)
			RebuildScriptCaches (0ms)
			SetupLoadedEditorAssemblies (1026ms)
				LogAssemblyErrors (0ms)
				InitializePlatformSupportModulesInManaged (64ms)
				SetLoadedEditorAssemblies (8ms)
				RefreshPlugins (0ms)
				BeforeProcessingInitializeOnLoad (296ms)
				ProcessInitializeOnLoadAttributes (461ms)
				ProcessInitializeOnLoadMethodAttributes (132ms)
				AfterProcessingInitializeOnLoad (66ms)
				EditorAssembliesLoaded (0ms)
			ExecutionOrderSort2 (0ms)
			AwakeInstancesAfterBackupRestoration (35ms)
Refreshing native plugins compatible for Editor in 36.18 ms, found 4 plugins.
Preloading 0 native plugins for Editor in 0.00 ms.
Unloading 5559 Unused Serialized files (Serialized files now loaded: 0)
Unloading 61 unused Assets / (0.8 MB). Loaded Objects now: 6216.
Memory consumption went from 195.2 MB to 194.3 MB.
Total: 8.768500 ms (FindLiveObjects: 0.854600 ms CreateObjectMapping: 0.863000 ms MarkObjects: 6.451300 ms  DeleteObjects: 0.598500 ms)

Prepare: number of updated asset objects reloaded= 0
AssetImportParameters requested are different than current active one (requested -> active):
  custom:container-demuxer-ogg: 62fdf1f143b41e24485cea50d1cbac27 -> 
  custom:video-codec-MediaFoundation-h265: 746d11721c4dcdbdad8f713fa42b33f4 -> 
  custom:video-decoder-ogg-theora: a1e56fd34408186e4bbccfd4996cb3dc -> 
  custom:framework-win-MediaFoundation: 216162199b28c13a410421893ffa2e32 -> 
  custom:container-demuxer-webm: 4f35f7cbe854078d1ac9338744f61a02 -> 
  custom:container-muxer-webm: aa71ff27fc2769a1b78a27578f13a17b -> 
  custom:video-decoder-webm-vp8: 9c59270c3fd7afecdb556c50c9e8de78 -> 
  custom:AudioImporter_EditorPlatform: d09bf68614088b80899f8185d706f6e7 -> 
  custom:video-encoder-webm-vp8: eb34c28f22e8b96e1ab97ce403110664 -> 
  custom:audio-decoder-ogg-vorbis: bf7c407c2cedff20999df2af8eb42d56 -> 
  custom:audio-encoder-webm-vorbis: bf7c407c2cedff20999df2af8eb42d56 -> 
========================================================================
Received Import Request.
  Time since last request: 25.994125 seconds.
  path: Packages/com.unity.render-pipelines.core/Editor/LookDev/Icons/CenterLight.png
  artifactKey: Guid(3092b2985cafe0b43b1f02ce1d6829d5) Importer(815301076,1909f56bfc062723c751e8b465ee728b)
Start importing Packages/com.unity.render-pipelines.core/Editor/LookDev/Icons/CenterLight.png using Guid(3092b2985cafe0b43b1f02ce1d6829d5) Importer(815301076,1909f56bfc062723c751e8b465ee728b)  -> (artifact id: '3a566c3027e391366c76e2d32fe896e8') in 0.082016 seconds
Number of updated asset objects reloaded before import = 0
Number of asset objects unloaded after import = 3
========================================================================
Received Prepare
Begin MonoManager ReloadAssembly
Symbol file LoadedFromMemory doesn't match image C:\Users\AadiJ\Projects\The-Crown-Jewel\TheCrownJewel\Library\PackageCache\com.unity.visualscripting@1.8.0\Editor\VisualScripting.Core\Dependencies\YamlDotNet\Unity.VisualScripting.YamlDotNet.dll
Symbol file LoadedFromMemory doesn't match image C:\Users\AadiJ\Projects\The-Crown-Jewel\TheCrownJewel\Library\PackageCache\com.unity.visualscripting@1.8.0\Editor\VisualScripting.Core\Dependencies\DotNetZip\Unity.VisualScripting.IonicZip.dll
- Loaded All Assemblies, in  2.394 seconds
Refreshing native plugins compatible for Editor in 37.07 ms, found 4 plugins.
Native extension for UWP target not found
Native extension for WindowsStandalone target not found
Native extension for OSXStandalone target not found
Native extension for WebGL target not found
Mono: successfully reloaded assembly
- Finished resetting the current domain, in  4.933 seconds
Domain Reload Profiling:
	ReloadAssembly (675ms)
		BeginReloadAssembly (488ms)
			ExecutionOrderSort (0ms)
			DisableScriptedObjects (9ms)
			BackupInstance (0ms)
			ReleaseScriptingObjects (0ms)
			CreateAndSetChildDomain (57ms)
		LoadAllAssembliesAndSetupDomain (1671ms)
			LoadAssemblies (1445ms)
			RebuildTransferFunctionScriptingTraits (0ms)
			SetupTypeCache (476ms)
				TypeCache.Initialize (458ms)
					TypeCache.ScanAssembly (447ms)
				ResolveRequiredComponents (18ms)
		FinalizeReload (0ms)
			ReleaseScriptCaches (0ms)
			RebuildScriptCaches (0ms)
			SetupLoadedEditorAssemblies (1181ms)
				LogAssemblyErrors (0ms)
				InitializePlatformSupportModulesInManaged (83ms)
				SetLoadedEditorAssemblies (8ms)
				RefreshPlugins (0ms)
				BeforeProcessingInitializeOnLoad (373ms)
				ProcessInitializeOnLoadAttributes (519ms)
				ProcessInitializeOnLoadMethodAttributes (118ms)
				AfterProcessingInitializeOnLoad (79ms)
				EditorAssembliesLoaded (0ms)
			ExecutionOrderSort2 (0ms)
			AwakeInstancesAfterBackupRestoration (33ms)
Refreshing native plugins compatible for Editor in 44.99 ms, found 4 plugins.
Preloading 0 native plugins for Editor in 0.00 ms.
Unloading 5559 Unused Serialized files (Serialized files now loaded: 0)
Unloading 61 unused Assets / (0.8 MB). Loaded Objects now: 6220.
Memory consumption went from 195.2 MB to 194.3 MB.
Total: 8.003800 ms (FindLiveObjects: 0.608700 ms CreateObjectMapping: 0.736300 ms MarkObjects: 5.934700 ms  DeleteObjects: 0.722000 ms)

Prepare: number of updated asset objects reloaded= 0
AssetImportParameters requested are different than current active one (requested -> active):
  custom:container-demuxer-ogg: 62fdf1f143b41e24485cea50d1cbac27 -> 
  custom:video-codec-MediaFoundation-h265: 746d11721c4dcdbdad8f713fa42b33f4 -> 
  custom:video-decoder-ogg-theora: a1e56fd34408186e4bbccfd4996cb3dc -> 
  custom:framework-win-MediaFoundation: 216162199b28c13a410421893ffa2e32 -> 
  custom:container-demuxer-webm: 4f35f7cbe854078d1ac9338744f61a02 -> 
  custom:container-muxer-webm: aa71ff27fc2769a1b78a27578f13a17b -> 
  custom:video-decoder-webm-vp8: 9c59270c3fd7afecdb556c50c9e8de78 -> 
  custom:AudioImporter_EditorPlatform: d09bf68614088b80899f8185d706f6e7 -> 
  custom:video-encoder-webm-vp8: eb34c28f22e8b96e1ab97ce403110664 -> 
  custom:audio-decoder-ogg-vorbis: bf7c407c2cedff20999df2af8eb42d56 -> 
  custom:audio-encoder-webm-vorbis: bf7c407c2cedff20999df2af8eb42d56 -> 
========================================================================
Received Import Request.
  Time since last request: 151.613348 seconds.
  path: ProjectSettings/TagManager.asset
  artifactKey: Guid(00000000000000003000000000000000) Importer(815301076,1909f56bfc062723c751e8b465ee728b)
Start importing ProjectSettings/TagManager.asset using Guid(00000000000000003000000000000000) Importer(815301076,1909f56bfc062723c751e8b465ee728b)  -> (artifact id: '6220dabd449711b39e63cb483274e5d6') in 0.010930 seconds
Number of updated asset objects reloaded before import = 0
Number of asset objects unloaded after import = 0
========================================================================
Received Import Request.
  Time since last request: 34.398970 seconds.
  path: Assets/ParticleFX/public-license.txt
  artifactKey: Guid(d57e2015cbc6a5e47964bf7b502764ec) Importer(815301076,1909f56bfc062723c751e8b465ee728b)
Start importing Assets/ParticleFX/public-license.txt using Guid(d57e2015cbc6a5e47964bf7b502764ec) Importer(815301076,1909f56bfc062723c751e8b465ee728b)  -> (artifact id: 'e7dab870eaa354db7f3403398f0464a3') in 0.002295 seconds
Number of updated asset objects reloaded before import = 0
Number of asset objects unloaded after import = 1
========================================================================
Received Import Request.
  Time since last request: 30.589161 seconds.
  path: Assets/ParticleFX/Smoke-SpriteSheet.png
  artifactKey: Guid(5cfda8e9a184577438f0267cba73cb4f) Importer(-1,00000000000000000000000000000000)
Start importing Assets/ParticleFX/Smoke-SpriteSheet.png using Guid(5cfda8e9a184577438f0267cba73cb4f) Importer(-1,00000000000000000000000000000000)  -> (artifact id: '5cd5c68df577dfe8dadb20c00fc40583') in 0.081904 seconds
Number of updated asset objects reloaded before import = 0
Number of asset objects unloaded after import = 0
========================================================================
Received Import Request.
  Time since last request: 0.087983 seconds.
  path: Assets/ParticleFX/Smoke-SpriteSheet.png
  artifactKey: Guid(5cfda8e9a184577438f0267cba73cb4f) Importer(815301076,1909f56bfc062723c751e8b465ee728b)
Start importing Assets/ParticleFX/Smoke-SpriteSheet.png using Guid(5cfda8e9a184577438f0267cba73cb4f) Importer(815301076,1909f56bfc062723c751e8b465ee728b)  -> (artifact id: '22b311c9e386e0cd6bda9714a95fa849') in 0.056527 seconds
Number of updated asset objects reloaded before import = 0
Number of asset objects unloaded after import = 3
========================================================================
Received Import Request.
  Time since last request: 13.095588 seconds.
  path: Assets/ParticleFX/Smoke-SpriteSheet.png
  artifactKey: Guid(5cfda8e9a184577438f0267cba73cb4f) Importer(-1,00000000000000000000000000000000)
Start importing Assets/ParticleFX/Smoke-SpriteSheet.png using Guid(5cfda8e9a184577438f0267cba73cb4f) Importer(-1,00000000000000000000000000000000)  -> (artifact id: '5cd5c68df577dfe8dadb20c00fc40583') in 0.047149 seconds
Number of updated asset objects reloaded before import = 0
Number of asset objects unloaded after import = 0
========================================================================
Received Import Request.
  Time since last request: 0.000249 seconds.
  path: Assets/ParticleFX/Poison Cloud-SpriteSheet.png
  artifactKey: Guid(0701fc5ecad3bfa4db04814126fc5f34) Importer(-1,00000000000000000000000000000000)
Start importing Assets/ParticleFX/Poison Cloud-SpriteSheet.png using Guid(0701fc5ecad3bfa4db04814126fc5f34) Importer(-1,00000000000000000000000000000000)  -> (artifact id: '18918924155c8bdb2b9622e2831dd61e') in 0.071148 seconds
Number of updated asset objects reloaded before import = 0
Number of asset objects unloaded after import = 0
========================================================================
Received Import Request.
  Time since last request: 21.065953 seconds.
  path: Assets/ParticleFX/Smoke-SpriteSheet.png
  artifactKey: Guid(5cfda8e9a184577438f0267cba73cb4f) Importer(-1,00000000000000000000000000000000)
Start importing Assets/ParticleFX/Smoke-SpriteSheet.png using Guid(5cfda8e9a184577438f0267cba73cb4f) Importer(-1,00000000000000000000000000000000)  -> (artifact id: '0693288dd24cbc84e533e5c9919946e4') in 0.049187 seconds
Number of updated asset objects reloaded before import = 0
Number of asset objects unloaded after import = 0
========================================================================
Received Import Request.
  Time since last request: 0.000135 seconds.
  path: Assets/ParticleFX/Poison Cloud-SpriteSheet.png
  artifactKey: Guid(0701fc5ecad3bfa4db04814126fc5f34) Importer(-1,00000000000000000000000000000000)
Start importing Assets/ParticleFX/Poison Cloud-SpriteSheet.png using Guid(0701fc5ecad3bfa4db04814126fc5f34) Importer(-1,00000000000000000000000000000000)  -> (artifact id: '910e650eecb9f27f1b065abd8f47ba06') in 0.057667 seconds
Number of updated asset objects reloaded before import = 0
Number of asset objects unloaded after import = 0
========================================================================
Received Import Request.
  Time since last request: 0.065942 seconds.
  path: Assets/ParticleFX/Smoke-SpriteSheet.png
  artifactKey: Guid(5cfda8e9a184577438f0267cba73cb4f) Importer(815301076,1909f56bfc062723c751e8b465ee728b)
Start importing Assets/ParticleFX/Smoke-SpriteSheet.png using Guid(5cfda8e9a184577438f0267cba73cb4f) Importer(815301076,1909f56bfc062723c751e8b465ee728b)  -> (artifact id: '76716ac8d0787f778d5add88545ee4ed') in 0.016767 seconds
Number of updated asset objects reloaded before import = 0
Number of asset objects unloaded after import = 2
========================================================================
Received Import Request.
  Time since last request: 21.040383 seconds.
  path: Assets/ParticleFX/Smoke-SpriteSheet.png
  artifactKey: Guid(5cfda8e9a184577438f0267cba73cb4f) Importer(-1,00000000000000000000000000000000)
Start importing Assets/ParticleFX/Smoke-SpriteSheet.png using Guid(5cfda8e9a184577438f0267cba73cb4f) Importer(-1,00000000000000000000000000000000)  -> (artifact id: 'cfb711332681ca879f479f4d6bd5c16d') in 0.052601 seconds
Number of updated asset objects reloaded before import = 0
Number of asset objects unloaded after import = 0
========================================================================
Received Import Request.
  Time since last request: 0.106069 seconds.
  path: Assets/ParticleFX/Smoke-SpriteSheet.png
  artifactKey: Guid(5cfda8e9a184577438f0267cba73cb4f) Importer(815301076,1909f56bfc062723c751e8b465ee728b)
Start importing Assets/ParticleFX/Smoke-SpriteSheet.png using Guid(5cfda8e9a184577438f0267cba73cb4f) Importer(815301076,1909f56bfc062723c751e8b465ee728b)  -> (artifact id: 'c72b474da1210c6f1ecb9a87c3244f00') in 0.109567 seconds
Number of updated asset objects reloaded before import = 0
Number of asset objects unloaded after import = 21
========================================================================
Received Import Request.
  Time since last request: 7.793019 seconds.
  path: Assets/ParticleFX/Smoke-SpriteSheet.png
  artifactKey: Guid(5cfda8e9a184577438f0267cba73cb4f) Importer(-1,00000000000000000000000000000000)
Start importing Assets/ParticleFX/Smoke-SpriteSheet.png using Guid(5cfda8e9a184577438f0267cba73cb4f) Importer(-1,00000000000000000000000000000000)  -> (artifact id: 'cfb711332681ca879f479f4d6bd5c16d') in 0.047985 seconds
Number of updated asset objects reloaded before import = 0
Number of asset objects unloaded after import = 0
========================================================================
Received Import Request.
  Time since last request: 90.954324 seconds.
  path: Assets/ParticleFX/Poison Cloud-SpriteSheet.png
  artifactKey: Guid(0701fc5ecad3bfa4db04814126fc5f34) Importer(815301076,1909f56bfc062723c751e8b465ee728b)
Start importing Assets/ParticleFX/Poison Cloud-SpriteSheet.png using Guid(0701fc5ecad3bfa4db04814126fc5f34) Importer(815301076,1909f56bfc062723c751e8b465ee728b)  -> (artifact id: 'b9f9eb389045575b03e6944c388a0089') in 0.017452 seconds
Number of updated asset objects reloaded before import = 0
Number of asset objects unloaded after import = 2
========================================================================
Received Import Request.
  Time since last request: 9.362385 seconds.
  path: Assets/ParticleFX/Poison Cloud-SpriteSheet.png
  artifactKey: Guid(0701fc5ecad3bfa4db04814126fc5f34) Importer(-1,00000000000000000000000000000000)
Start importing Assets/ParticleFX/Poison Cloud-SpriteSheet.png using Guid(0701fc5ecad3bfa4db04814126fc5f34) Importer(-1,00000000000000000000000000000000)  -> (artifact id: 'f77ab364edb22afcb74f3fa92c7a340a') in 0.067255 seconds
Number of updated asset objects reloaded before import = 0
Number of asset objects unloaded after import = 0
========================================================================
Received Import Request.
  Time since last request: 0.101128 seconds.
  path: Assets/ParticleFX/Poison Cloud-SpriteSheet.png
  artifactKey: Guid(0701fc5ecad3bfa4db04814126fc5f34) Importer(815301076,1909f56bfc062723c751e8b465ee728b)
Start importing Assets/ParticleFX/Poison Cloud-SpriteSheet.png using Guid(0701fc5ecad3bfa4db04814126fc5f34) Importer(815301076,1909f56bfc062723c751e8b465ee728b)  -> (artifact id: '9f89b957b2e197523aea1967fbdd0af3') in 0.098719 seconds
Number of updated asset objects reloaded before import = 0
Number of asset objects unloaded after import = 21
========================================================================
Received Import Request.
  Time since last request: 5.703851 seconds.
  path: Assets/ParticleFX/Poison Cloud-SpriteSheet.png
  artifactKey: Guid(0701fc5ecad3bfa4db04814126fc5f34) Importer(-1,00000000000000000000000000000000)
Start importing Assets/ParticleFX/Poison Cloud-SpriteSheet.png using Guid(0701fc5ecad3bfa4db04814126fc5f34) Importer(-1,00000000000000000000000000000000)  -> (artifact id: 'f77ab364edb22afcb74f3fa92c7a340a') in 0.067550 seconds
Number of updated asset objects reloaded before import = 0
Number of asset objects unloaded after import = 0
========================================================================
Received Import Request.
  Time since last request: 14.116287 seconds.
  path: Assets/ParticleFX/Leaves-SpriteSheet.png
  artifactKey: Guid(c138a667536a1ce49adadcc607b08d6f) Importer(815301076,1909f56bfc062723c751e8b465ee728b)
Start importing Assets/ParticleFX/Leaves-SpriteSheet.png using Guid(c138a667536a1ce49adadcc607b08d6f) Importer(815301076,1909f56bfc062723c751e8b465ee728b)  -> (artifact id: '3a16d5ecd1c074813e289f12a998fe60') in 0.014761 seconds
Number of updated asset objects reloaded before import = 0
Number of asset objects unloaded after import = 2
========================================================================
Received Import Request.
  Time since last request: 10.578254 seconds.
  path: Assets/ParticleFX/Leaves-SpriteSheet.png
  artifactKey: Guid(c138a667536a1ce49adadcc607b08d6f) Importer(-1,00000000000000000000000000000000)
Start importing Assets/ParticleFX/Leaves-SpriteSheet.png using Guid(c138a667536a1ce49adadcc607b08d6f) Importer(-1,00000000000000000000000000000000)  -> (artifact id: '499a92a39b35173e693b2f14b9e1c53d') in 0.061250 seconds
Number of updated asset objects reloaded before import = 0
Number of asset objects unloaded after import = 0
========================================================================
Received Import Request.
  Time since last request: 0.102079 seconds.
  path: Assets/ParticleFX/Leaves-SpriteSheet.png
  artifactKey: Guid(c138a667536a1ce49adadcc607b08d6f) Importer(815301076,1909f56bfc062723c751e8b465ee728b)
Start importing Assets/ParticleFX/Leaves-SpriteSheet.png using Guid(c138a667536a1ce49adadcc607b08d6f) Importer(815301076,1909f56bfc062723c751e8b465ee728b)  -> (artifact id: 'afdded3e318d9773c7b9d41fa6cf231a') in 0.094501 seconds
Number of updated asset objects reloaded before import = 0
Number of asset objects unloaded after import = 21
========================================================================
Received Import Request.
  Time since last request: 3.958001 seconds.
  path: Assets/ParticleFX/Leaves-SpriteSheet.png
  artifactKey: Guid(c138a667536a1ce49adadcc607b08d6f) Importer(-1,00000000000000000000000000000000)
Start importing Assets/ParticleFX/Leaves-SpriteSheet.png using Guid(c138a667536a1ce49adadcc607b08d6f) Importer(-1,00000000000000000000000000000000)  -> (artifact id: '499a92a39b35173e693b2f14b9e1c53d') in 0.059899 seconds
Number of updated asset objects reloaded before import = 0
Number of asset objects unloaded after import = 0
========================================================================
Received Import Request.
  Time since last request: 29.424699 seconds.
  path: Assets/ParticleFX/Fire+Sparks-SpriteSheet.png
  artifactKey: Guid(bf2a1755801ea2f469bc45089639ab4d) Importer(815301076,1909f56bfc062723c751e8b465ee728b)
Start importing Assets/ParticleFX/Fire+Sparks-SpriteSheet.png using Guid(bf2a1755801ea2f469bc45089639ab4d) Importer(815301076,1909f56bfc062723c751e8b465ee728b)  -> (artifact id: '00dfef43baa5b269d9b7004686899ee7') in 0.015351 seconds
Number of updated asset objects reloaded before import = 0
Number of asset objects unloaded after import = 2
========================================================================
Received Import Request.
  Time since last request: 5.960766 seconds.
  path: Assets/ParticleFX/Fire+Sparks-SpriteSheet.png
  artifactKey: Guid(bf2a1755801ea2f469bc45089639ab4d) Importer(-1,00000000000000000000000000000000)
Start importing Assets/ParticleFX/Fire+Sparks-SpriteSheet.png using Guid(bf2a1755801ea2f469bc45089639ab4d) Importer(-1,00000000000000000000000000000000)  -> (artifact id: 'd545dcde0b048ea4a4701e80b8d166af') in 0.055774 seconds
Number of updated asset objects reloaded before import = 0
Number of asset objects unloaded after import = 0
========================================================================
Received Import Request.
  Time since last request: 0.098177 seconds.
  path: Assets/ParticleFX/Fire+Sparks-SpriteSheet.png
  artifactKey: Guid(bf2a1755801ea2f469bc45089639ab4d) Importer(815301076,1909f56bfc062723c751e8b465ee728b)
Start importing Assets/ParticleFX/Fire+Sparks-SpriteSheet.png using Guid(bf2a1755801ea2f469bc45089639ab4d) Importer(815301076,1909f56bfc062723c751e8b465ee728b)  -> (artifact id: '32560c4982349cabd38b48d36b997a45') in 0.110538 seconds
Number of updated asset objects reloaded before import = 0
Number of asset objects unloaded after import = 21
========================================================================
Received Import Request.
  Time since last request: 1.891707 seconds.
  path: Assets/ParticleFX/Fire+Sparks-SpriteSheet.png
  artifactKey: Guid(bf2a1755801ea2f469bc45089639ab4d) Importer(-1,00000000000000000000000000000000)
Start importing Assets/ParticleFX/Fire+Sparks-SpriteSheet.png using Guid(bf2a1755801ea2f469bc45089639ab4d) Importer(-1,00000000000000000000000000000000)  -> (artifact id: 'd545dcde0b048ea4a4701e80b8d166af') in 0.055967 seconds
Number of updated asset objects reloaded before import = 0
Number of asset objects unloaded after import = 0
========================================================================
Received Import Request.
  Time since last request: 292.329236 seconds.
  path: Assets/ParticleFX/13_vortex_spritesheet.png
  artifactKey: Guid(58e66af1888541541b46872bb62cc767) Importer(-1,00000000000000000000000000000000)
Start importing Assets/ParticleFX/13_vortex_spritesheet.png using Guid(58e66af1888541541b46872bb62cc767) Importer(-1,00000000000000000000000000000000)  -> (artifact id: '0e6a45c9b070555eeeb6e1f7043043bb') in 0.230770 seconds
Number of updated asset objects reloaded before import = 0
Number of asset objects unloaded after import = 0
========================================================================
Received Import Request.
  Time since last request: 0.180291 seconds.
  path: Assets/ParticleFX/12_nebula_spritesheet.png
  artifactKey: Guid(a83e606c430c4374d9a7f267d31bf75a) Importer(815301076,1909f56bfc062723c751e8b465ee728b)
Start importing Assets/ParticleFX/12_nebula_spritesheet.png using Guid(a83e606c430c4374d9a7f267d31bf75a) Importer(815301076,1909f56bfc062723c751e8b465ee728b)  -> (artifact id: 'af56ca56b3c6ff19e62d53ed6b3d513c') in 0.025661 seconds
Number of updated asset objects reloaded before import = 0
Number of asset objects unloaded after import = 3
========================================================================
Received Import Request.
  Time since last request: 0.813539 seconds.
  path: Assets/ParticleFX/13_vortex_spritesheet.png
  artifactKey: Guid(58e66af1888541541b46872bb62cc767) Importer(815301076,1909f56bfc062723c751e8b465ee728b)
Start importing Assets/ParticleFX/13_vortex_spritesheet.png using Guid(58e66af1888541541b46872bb62cc767) Importer(815301076,1909f56bfc062723c751e8b465ee728b)  -> (artifact id: '3555939cf43b567596e73f5e1cd8f4c6') in 0.026665 seconds
Number of updated asset objects reloaded before import = 0
Number of asset objects unloaded after import = 3
========================================================================
Received Import Request.
  Time since last request: 11.518736 seconds.
  path: Assets/ParticleFX/13_vortex_spritesheet.png
  artifactKey: Guid(58e66af1888541541b46872bb62cc767) Importer(-1,00000000000000000000000000000000)
Start importing Assets/ParticleFX/13_vortex_spritesheet.png using Guid(58e66af1888541541b46872bb62cc767) Importer(-1,00000000000000000000000000000000)  -> (artifact id: '0d249cfb2ed2024c2e4ed59087803d50') in 0.061839 seconds
Number of updated asset objects reloaded before import = 0
Number of asset objects unloaded after import = 0
========================================================================
Received Import Request.
  Time since last request: 0.069980 seconds.
  path: Assets/ParticleFX/13_vortex_spritesheet.png
  artifactKey: Guid(58e66af1888541541b46872bb62cc767) Importer(815301076,1909f56bfc062723c751e8b465ee728b)
Start importing Assets/ParticleFX/13_vortex_spritesheet.png using Guid(58e66af1888541541b46872bb62cc767) Importer(815301076,1909f56bfc062723c751e8b465ee728b)  -> (artifact id: '5b58d54b7321034193cf97e139e19131') in 0.018737 seconds
Number of updated asset objects reloaded before import = 0
Number of asset objects unloaded after import = 2
========================================================================
Received Import Request.
  Time since last request: 11.802112 seconds.
  path: Assets/ParticleFX/12_nebula_spritesheet.png
  artifactKey: Guid(a83e606c430c4374d9a7f267d31bf75a) Importer(-1,00000000000000000000000000000000)
Start importing Assets/ParticleFX/12_nebula_spritesheet.png using Guid(a83e606c430c4374d9a7f267d31bf75a) Importer(-1,00000000000000000000000000000000)  -> (artifact id: '13571a7d7afb0f3d3a711c2c01e6c75d') in 0.056789 seconds
Number of updated asset objects reloaded before import = 0
Number of asset objects unloaded after import = 0
========================================================================
Received Import Request.
  Time since last request: 0.072491 seconds.
  path: Assets/ParticleFX/12_nebula_spritesheet.png
  artifactKey: Guid(a83e606c430c4374d9a7f267d31bf75a) Importer(815301076,1909f56bfc062723c751e8b465ee728b)
Start importing Assets/ParticleFX/12_nebula_spritesheet.png using Guid(a83e606c430c4374d9a7f267d31bf75a) Importer(815301076,1909f56bfc062723c751e8b465ee728b)  -> (artifact id: '15a125415a4ad13322c94863a73df087') in 0.020069 seconds
Number of updated asset objects reloaded before import = 0
Number of asset objects unloaded after import = 2
========================================================================
Received Import Request.
  Time since last request: 19.939842 seconds.
  path: Assets/ParticleFX/12_nebula_spritesheet.png
  artifactKey: Guid(a83e606c430c4374d9a7f267d31bf75a) Importer(-1,00000000000000000000000000000000)
Start importing Assets/ParticleFX/12_nebula_spritesheet.png using Guid(a83e606c430c4374d9a7f267d31bf75a) Importer(-1,00000000000000000000000000000000)  -> (artifact id: '79308cfcf719f1386fbd6eae208a6c98') in 0.132062 seconds
Number of updated asset objects reloaded before import = 0
Number of asset objects unloaded after import = 0
========================================================================
Received Import Request.
  Time since last request: 0.105930 seconds.
  path: Assets/ParticleFX/12_nebula_spritesheet.png
  artifactKey: Guid(a83e606c430c4374d9a7f267d31bf75a) Importer(815301076,1909f56bfc062723c751e8b465ee728b)
Start importing Assets/ParticleFX/12_nebula_spritesheet.png using Guid(a83e606c430c4374d9a7f267d31bf75a) Importer(815301076,1909f56bfc062723c751e8b465ee728b)  -> (artifact id: 'cce239139e9f2d8ba792c7269db42c41') in 0.313935 seconds
Number of updated asset objects reloaded before import = 0
Number of asset objects unloaded after import = 63
========================================================================
Received Import Request.
  Time since last request: 2.952458 seconds.
  path: Assets/ParticleFX/12_nebula_spritesheet.png
  artifactKey: Guid(a83e606c430c4374d9a7f267d31bf75a) Importer(-1,00000000000000000000000000000000)
Start importing Assets/ParticleFX/12_nebula_spritesheet.png using Guid(a83e606c430c4374d9a7f267d31bf75a) Importer(-1,00000000000000000000000000000000)  -> (artifact id: '79308cfcf719f1386fbd6eae208a6c98') in 0.117414 seconds
Number of updated asset objects reloaded before import = 0
Number of asset objects unloaded after import = 0
========================================================================
Received Import Request.
  Time since last request: 42.684024 seconds.
  path: Assets/ParticleFX/Nebula.png
  artifactKey: Guid(a83e606c430c4374d9a7f267d31bf75a) Importer(-1,00000000000000000000000000000000)
Start importing Assets/ParticleFX/Nebula.png using Guid(a83e606c430c4374d9a7f267d31bf75a) Importer(-1,00000000000000000000000000000000)  -> (artifact id: 'a7445a150748744a73b085742ed9bc6a') in 0.149467 seconds
Number of updated asset objects reloaded before import = 0
Number of asset objects unloaded after import = 0
========================================================================
Received Import Request.
  Time since last request: 0.091043 seconds.
  path: Assets/ParticleFX/Nebula.png
  artifactKey: Guid(a83e606c430c4374d9a7f267d31bf75a) Importer(815301076,1909f56bfc062723c751e8b465ee728b)
Start importing Assets/ParticleFX/Nebula.png using Guid(a83e606c430c4374d9a7f267d31bf75a) Importer(815301076,1909f56bfc062723c751e8b465ee728b)  -> (artifact id: 'cbb63ee7bf24b93c9c38d49dee896f96') in 0.366175 seconds
Number of updated asset objects reloaded before import = 0
Number of asset objects unloaded after import = 63
========================================================================
Received Import Request.
  Time since last request: 21.791112 seconds.
  path: Assets/ParticleFX/Vortex.png
  artifactKey: Guid(58e66af1888541541b46872bb62cc767) Importer(-1,00000000000000000000000000000000)
Start importing Assets/ParticleFX/Vortex.png using Guid(58e66af1888541541b46872bb62cc767) Importer(-1,00000000000000000000000000000000)  -> (artifact id: '794c69ab5f7107fa4711b72dfb09e1b3') in 0.057551 seconds
Number of updated asset objects reloaded before import = 0
Number of asset objects unloaded after import = 0
========================================================================
Received Import Request.
  Time since last request: 0.078874 seconds.
  path: Assets/ParticleFX/Vortex.png
  artifactKey: Guid(58e66af1888541541b46872bb62cc767) Importer(815301076,1909f56bfc062723c751e8b465ee728b)
Start importing Assets/ParticleFX/Vortex.png using Guid(58e66af1888541541b46872bb62cc767) Importer(815301076,1909f56bfc062723c751e8b465ee728b)  -> (artifact id: '8ab544c8f14e1e3d4cf3827609a377b7') in 0.015794 seconds
Number of updated asset objects reloaded before import = 0
Number of asset objects unloaded after import = 2
========================================================================
Received Import Request.
  Time since last request: 9.092679 seconds.
  path: Assets/ParticleFX/Vortex.png
  artifactKey: Guid(58e66af1888541541b46872bb62cc767) Importer(-1,00000000000000000000000000000000)
Start importing Assets/ParticleFX/Vortex.png using Guid(58e66af1888541541b46872bb62cc767) Importer(-1,00000000000000000000000000000000)  -> (artifact id: '5018819b47b8ec88c7cf1d5849439d34') in 0.164030 seconds
Number of updated asset objects reloaded before import = 0
Number of asset objects unloaded after import = 0
========================================================================
Received Import Request.
  Time since last request: 0.115121 seconds.
  path: Assets/ParticleFX/Vortex.png
  artifactKey: Guid(58e66af1888541541b46872bb62cc767) Importer(815301076,1909f56bfc062723c751e8b465ee728b)
Start importing Assets/ParticleFX/Vortex.png using Guid(58e66af1888541541b46872bb62cc767) Importer(815301076,1909f56bfc062723c751e8b465ee728b)  -> (artifact id: 'd531eabfee9ed94683a6d99ee12f79a1') in 0.295724 seconds
Number of updated asset objects reloaded before import = 0
Number of asset objects unloaded after import = 63
========================================================================
Received Import Request.
  Time since last request: 1.189448 seconds.
  path: Assets/ParticleFX/Vortex.png
  artifactKey: Guid(58e66af1888541541b46872bb62cc767) Importer(-1,00000000000000000000000000000000)
Start importing Assets/ParticleFX/Vortex.png using Guid(58e66af1888541541b46872bb62cc767) Importer(-1,00000000000000000000000000000000)  -> (artifact id: '5018819b47b8ec88c7cf1d5849439d34') in 0.162605 seconds
Number of updated asset objects reloaded before import = 0
Number of asset objects unloaded after import = 0
========================================================================
Received Prepare
Begin MonoManager ReloadAssembly
Symbol file LoadedFromMemory doesn't match image C:\Users\AadiJ\Projects\The-Crown-Jewel\TheCrownJewel\Library\PackageCache\com.unity.visualscripting@1.8.0\Editor\VisualScripting.Core\Dependencies\YamlDotNet\Unity.VisualScripting.YamlDotNet.dll
Symbol file LoadedFromMemory doesn't match image C:\Users\AadiJ\Projects\The-Crown-Jewel\TheCrownJewel\Library\PackageCache\com.unity.visualscripting@1.8.0\Editor\VisualScripting.Core\Dependencies\DotNetZip\Unity.VisualScripting.IonicZip.dll
- Loaded All Assemblies, in  2.067 seconds
Refreshing native plugins compatible for Editor in 28.90 ms, found 4 plugins.
Native extension for UWP target not found
Native extension for WindowsStandalone target not found
Native extension for OSXStandalone target not found
Native extension for WebGL target not found
Mono: successfully reloaded assembly
- Finished resetting the current domain, in  3.907 seconds
Domain Reload Profiling:
	ReloadAssembly (507ms)
		BeginReloadAssembly (349ms)
			ExecutionOrderSort (0ms)
			DisableScriptedObjects (7ms)
			BackupInstance (0ms)
			ReleaseScriptingObjects (0ms)
			CreateAndSetChildDomain (62ms)
		LoadAllAssembliesAndSetupDomain (1515ms)
			LoadAssemblies (1126ms)
			RebuildTransferFunctionScriptingTraits (0ms)
			SetupTypeCache (518ms)
				TypeCache.Initialize (501ms)
					TypeCache.ScanAssembly (492ms)
				ResolveRequiredComponents (17ms)
		FinalizeReload (0ms)
			ReleaseScriptCaches (0ms)
			RebuildScriptCaches (0ms)
			SetupLoadedEditorAssemblies (903ms)
				LogAssemblyErrors (0ms)
				InitializePlatformSupportModulesInManaged (61ms)
				SetLoadedEditorAssemblies (5ms)
				RefreshPlugins (0ms)
				BeforeProcessingInitializeOnLoad (275ms)
				ProcessInitializeOnLoadAttributes (403ms)
				ProcessInitializeOnLoadMethodAttributes (99ms)
				AfterProcessingInitializeOnLoad (60ms)
				EditorAssembliesLoaded (0ms)
			ExecutionOrderSort2 (0ms)
			AwakeInstancesAfterBackupRestoration (31ms)
Refreshing native plugins compatible for Editor in 34.44 ms, found 4 plugins.
Preloading 0 native plugins for Editor in 0.00 ms.
Unloading 5559 Unused Serialized files (Serialized files now loaded: 0)
Unloading 61 unused Assets / (0.8 MB). Loaded Objects now: 6228.
Memory consumption went from 196.7 MB to 195.9 MB.
Total: 8.459400 ms (FindLiveObjects: 0.862700 ms CreateObjectMapping: 0.804300 ms MarkObjects: 5.988200 ms  DeleteObjects: 0.802400 ms)

Prepare: number of updated asset objects reloaded= 0
AssetImportParameters requested are different than current active one (requested -> active):
  custom:container-demuxer-ogg: 62fdf1f143b41e24485cea50d1cbac27 -> 
  custom:video-codec-MediaFoundation-h265: 746d11721c4dcdbdad8f713fa42b33f4 -> 
  custom:video-decoder-ogg-theora: a1e56fd34408186e4bbccfd4996cb3dc -> 
  custom:framework-win-MediaFoundation: 216162199b28c13a410421893ffa2e32 -> 
  custom:container-demuxer-webm: 4f35f7cbe854078d1ac9338744f61a02 -> 
  custom:container-muxer-webm: aa71ff27fc2769a1b78a27578f13a17b -> 
  custom:video-decoder-webm-vp8: 9c59270c3fd7afecdb556c50c9e8de78 -> 
  custom:AudioImporter_EditorPlatform: d09bf68614088b80899f8185d706f6e7 -> 
  custom:video-encoder-webm-vp8: eb34c28f22e8b96e1ab97ce403110664 -> 
  custom:audio-decoder-ogg-vorbis: bf7c407c2cedff20999df2af8eb42d56 -> 
  custom:audio-encoder-webm-vorbis: bf7c407c2cedff20999df2af8eb42d56 -> 
========================================================================
Received Prepare
Begin MonoManager ReloadAssembly
Symbol file LoadedFromMemory doesn't match image C:\Users\AadiJ\Projects\The-Crown-Jewel\TheCrownJewel\Library\PackageCache\com.unity.visualscripting@1.8.0\Editor\VisualScripting.Core\Dependencies\YamlDotNet\Unity.VisualScripting.YamlDotNet.dll
Symbol file LoadedFromMemory doesn't match image C:\Users\AadiJ\Projects\The-Crown-Jewel\TheCrownJewel\Library\PackageCache\com.unity.visualscripting@1.8.0\Editor\VisualScripting.Core\Dependencies\DotNetZip\Unity.VisualScripting.IonicZip.dll
- Loaded All Assemblies, in  2.067 seconds
Refreshing native plugins compatible for Editor in 30.96 ms, found 4 plugins.
Native extension for UWP target not found
Native extension for WindowsStandalone target not found
Native extension for OSXStandalone target not found
Native extension for WebGL target not found
Mono: successfully reloaded assembly
- Finished resetting the current domain, in  3.592 seconds
Domain Reload Profiling:
	ReloadAssembly (535ms)
		BeginReloadAssembly (354ms)
			ExecutionOrderSort (0ms)
			DisableScriptedObjects (11ms)
			BackupInstance (0ms)
			ReleaseScriptingObjects (0ms)
			CreateAndSetChildDomain (51ms)
		LoadAllAssembliesAndSetupDomain (1487ms)
			LoadAssemblies (1139ms)
			RebuildTransferFunctionScriptingTraits (0ms)
			SetupTypeCache (494ms)
				TypeCache.Initialize (478ms)
					TypeCache.ScanAssembly (469ms)
				ResolveRequiredComponents (16ms)
		FinalizeReload (0ms)
			ReleaseScriptCaches (0ms)
			RebuildScriptCaches (0ms)
			SetupLoadedEditorAssemblies (872ms)
				LogAssemblyErrors (0ms)
				InitializePlatformSupportModulesInManaged (62ms)
				SetLoadedEditorAssemblies (6ms)
				RefreshPlugins (0ms)
				BeforeProcessingInitializeOnLoad (284ms)
				ProcessInitializeOnLoadAttributes (384ms)
				ProcessInitializeOnLoadMethodAttributes (94ms)
				AfterProcessingInitializeOnLoad (42ms)
				EditorAssembliesLoaded (0ms)
			ExecutionOrderSort2 (0ms)
			AwakeInstancesAfterBackupRestoration (21ms)
Refreshing native plugins compatible for Editor in 32.08 ms, found 4 plugins.
Preloading 0 native plugins for Editor in 0.00 ms.
Unloading 5559 Unused Serialized files (Serialized files now loaded: 0)
Unloading 61 unused Assets / (0.8 MB). Loaded Objects now: 6232.
Memory consumption went from 196.8 MB to 195.9 MB.
Total: 6.911100 ms (FindLiveObjects: 0.559300 ms CreateObjectMapping: 0.835900 ms MarkObjects: 4.664400 ms  DeleteObjects: 0.849600 ms)

Prepare: number of updated asset objects reloaded= 0
AssetImportParameters requested are different than current active one (requested -> active):
  custom:container-demuxer-ogg: 62fdf1f143b41e24485cea50d1cbac27 -> 
  custom:video-codec-MediaFoundation-h265: 746d11721c4dcdbdad8f713fa42b33f4 -> 
  custom:video-decoder-ogg-theora: a1e56fd34408186e4bbccfd4996cb3dc -> 
  custom:framework-win-MediaFoundation: 216162199b28c13a410421893ffa2e32 -> 
  custom:container-demuxer-webm: 4f35f7cbe854078d1ac9338744f61a02 -> 
  custom:container-muxer-webm: aa71ff27fc2769a1b78a27578f13a17b -> 
  custom:video-decoder-webm-vp8: 9c59270c3fd7afecdb556c50c9e8de78 -> 
  custom:AudioImporter_EditorPlatform: d09bf68614088b80899f8185d706f6e7 -> 
  custom:video-encoder-webm-vp8: eb34c28f22e8b96e1ab97ce403110664 -> 
  custom:audio-decoder-ogg-vorbis: bf7c407c2cedff20999df2af8eb42d56 -> 
  custom:audio-encoder-webm-vorbis: bf7c407c2cedff20999df2af8eb42d56 -> 
========================================================================
Received Prepare
Begin MonoManager ReloadAssembly
Symbol file LoadedFromMemory doesn't match image C:\Users\AadiJ\Projects\The-Crown-Jewel\TheCrownJewel\Library\PackageCache\com.unity.visualscripting@1.8.0\Editor\VisualScripting.Core\Dependencies\YamlDotNet\Unity.VisualScripting.YamlDotNet.dll
Symbol file LoadedFromMemory doesn't match image C:\Users\AadiJ\Projects\The-Crown-Jewel\TheCrownJewel\Library\PackageCache\com.unity.visualscripting@1.8.0\Editor\VisualScripting.Core\Dependencies\DotNetZip\Unity.VisualScripting.IonicZip.dll
- Loaded All Assemblies, in  2.156 seconds
Refreshing native plugins compatible for Editor in 27.58 ms, found 4 plugins.
Native extension for UWP target not found
Native extension for WindowsStandalone target not found
Native extension for OSXStandalone target not found
Native extension for WebGL target not found
Mono: successfully reloaded assembly
- Finished resetting the current domain, in  4.204 seconds
Domain Reload Profiling:
	ReloadAssembly (522ms)
		BeginReloadAssembly (349ms)
			ExecutionOrderSort (0ms)
			DisableScriptedObjects (8ms)
			BackupInstance (0ms)
			ReleaseScriptingObjects (0ms)
			CreateAndSetChildDomain (57ms)
		LoadAllAssembliesAndSetupDomain (1590ms)
			LoadAssemblies (1221ms)
			RebuildTransferFunctionScriptingTraits (0ms)
			SetupTypeCache (512ms)
				TypeCache.Initialize (494ms)
					TypeCache.ScanAssembly (486ms)
				ResolveRequiredComponents (18ms)
		FinalizeReload (0ms)
			ReleaseScriptCaches (0ms)
			RebuildScriptCaches (0ms)
			SetupLoadedEditorAssemblies (967ms)
				LogAssemblyErrors (0ms)
				InitializePlatformSupportModulesInManaged (73ms)
				SetLoadedEditorAssemblies (6ms)
				RefreshPlugins (0ms)
				BeforeProcessingInitializeOnLoad (266ms)
				ProcessInitializeOnLoadAttributes (436ms)
				ProcessInitializeOnLoadMethodAttributes (119ms)
				AfterProcessingInitializeOnLoad (68ms)
				EditorAssembliesLoaded (0ms)
			ExecutionOrderSort2 (0ms)
			AwakeInstancesAfterBackupRestoration (29ms)
Refreshing native plugins compatible for Editor in 34.80 ms, found 4 plugins.
Preloading 0 native plugins for Editor in 0.00 ms.
Unloading 5559 Unused Serialized files (Serialized files now loaded: 0)
Unloading 61 unused Assets / (0.8 MB). Loaded Objects now: 6236.
Memory consumption went from 196.8 MB to 196.0 MB.
Total: 7.540200 ms (FindLiveObjects: 0.738800 ms CreateObjectMapping: 0.891600 ms MarkObjects: 4.971800 ms  DeleteObjects: 0.936700 ms)

Prepare: number of updated asset objects reloaded= 0
AssetImportParameters requested are different than current active one (requested -> active):
  custom:container-demuxer-ogg: 62fdf1f143b41e24485cea50d1cbac27 -> 
  custom:video-codec-MediaFoundation-h265: 746d11721c4dcdbdad8f713fa42b33f4 -> 
  custom:video-decoder-ogg-theora: a1e56fd34408186e4bbccfd4996cb3dc -> 
  custom:framework-win-MediaFoundation: 216162199b28c13a410421893ffa2e32 -> 
  custom:container-demuxer-webm: 4f35f7cbe854078d1ac9338744f61a02 -> 
  custom:container-muxer-webm: aa71ff27fc2769a1b78a27578f13a17b -> 
  custom:video-decoder-webm-vp8: 9c59270c3fd7afecdb556c50c9e8de78 -> 
  custom:AudioImporter_EditorPlatform: d09bf68614088b80899f8185d706f6e7 -> 
  custom:video-encoder-webm-vp8: eb34c28f22e8b96e1ab97ce403110664 -> 
  custom:audio-decoder-ogg-vorbis: bf7c407c2cedff20999df2af8eb42d56 -> 
  custom:audio-encoder-webm-vorbis: bf7c407c2cedff20999df2af8eb42d56 -> 
========================================================================
Received Prepare
Begin MonoManager ReloadAssembly
Symbol file LoadedFromMemory doesn't match image C:\Users\AadiJ\Projects\The-Crown-Jewel\TheCrownJewel\Library\PackageCache\com.unity.visualscripting@1.8.0\Editor\VisualScripting.Core\Dependencies\YamlDotNet\Unity.VisualScripting.YamlDotNet.dll
Symbol file LoadedFromMemory doesn't match image C:\Users\AadiJ\Projects\The-Crown-Jewel\TheCrownJewel\Library\PackageCache\com.unity.visualscripting@1.8.0\Editor\VisualScripting.Core\Dependencies\DotNetZip\Unity.VisualScripting.IonicZip.dll
- Loaded All Assemblies, in  2.099 seconds
Refreshing native plugins compatible for Editor in 32.71 ms, found 4 plugins.
Native extension for UWP target not found
Native extension for WindowsStandalone target not found
Native extension for OSXStandalone target not found
Native extension for WebGL target not found
Mono: successfully reloaded assembly
- Finished resetting the current domain, in  4.232 seconds
Domain Reload Profiling:
	ReloadAssembly (522ms)
		BeginReloadAssembly (353ms)
			ExecutionOrderSort (0ms)
			DisableScriptedObjects (8ms)
			BackupInstance (0ms)
			ReleaseScriptingObjects (0ms)
			CreateAndSetChildDomain (45ms)
		LoadAllAssembliesAndSetupDomain (1534ms)
			LoadAssemblies (1154ms)
			RebuildTransferFunctionScriptingTraits (0ms)
			SetupTypeCache (513ms)
				TypeCache.Initialize (498ms)
					TypeCache.ScanAssembly (489ms)
				ResolveRequiredComponents (15ms)
		FinalizeReload (0ms)
			ReleaseScriptCaches (0ms)
			RebuildScriptCaches (0ms)
			SetupLoadedEditorAssemblies (1010ms)
				LogAssemblyErrors (0ms)
				InitializePlatformSupportModulesInManaged (75ms)
				SetLoadedEditorAssemblies (7ms)
				RefreshPlugins (0ms)
				BeforeProcessingInitializeOnLoad (286ms)
				ProcessInitializeOnLoadAttributes (459ms)
				ProcessInitializeOnLoadMethodAttributes (117ms)
				AfterProcessingInitializeOnLoad (66ms)
				EditorAssembliesLoaded (0ms)
			ExecutionOrderSort2 (0ms)
			AwakeInstancesAfterBackupRestoration (34ms)
Refreshing native plugins compatible for Editor in 37.28 ms, found 4 plugins.
Preloading 0 native plugins for Editor in 0.00 ms.
Unloading 5559 Unused Serialized files (Serialized files now loaded: 0)
Unloading 61 unused Assets / (0.8 MB). Loaded Objects now: 6240.
Memory consumption went from 196.8 MB to 196.0 MB.
Total: 8.821400 ms (FindLiveObjects: 0.731800 ms CreateObjectMapping: 0.897500 ms MarkObjects: 6.467300 ms  DeleteObjects: 0.723600 ms)

Prepare: number of updated asset objects reloaded= 0
AssetImportParameters requested are different than current active one (requested -> active):
  custom:container-demuxer-ogg: 62fdf1f143b41e24485cea50d1cbac27 -> 
  custom:video-codec-MediaFoundation-h265: 746d11721c4dcdbdad8f713fa42b33f4 -> 
  custom:video-decoder-ogg-theora: a1e56fd34408186e4bbccfd4996cb3dc -> 
  custom:framework-win-MediaFoundation: 216162199b28c13a410421893ffa2e32 -> 
  custom:container-demuxer-webm: 4f35f7cbe854078d1ac9338744f61a02 -> 
  custom:container-muxer-webm: aa71ff27fc2769a1b78a27578f13a17b -> 
  custom:video-decoder-webm-vp8: 9c59270c3fd7afecdb556c50c9e8de78 -> 
  custom:AudioImporter_EditorPlatform: d09bf68614088b80899f8185d706f6e7 -> 
  custom:video-encoder-webm-vp8: eb34c28f22e8b96e1ab97ce403110664 -> 
  custom:audio-decoder-ogg-vorbis: bf7c407c2cedff20999df2af8eb42d56 -> 
  custom:audio-encoder-webm-vorbis: bf7c407c2cedff20999df2af8eb42d56 -> 
